==1784571== Helgrind, a thread error detector
==1784571== Copyright (C) 2007-2017, and GNU GPL'd, by OpenWorks LLP et al.
==1784571== Using Valgrind-3.18.1 and LibVEX; rerun with -h for copyright info
==1784571== Command: ./philo 200 800 200 200 7
==1784571== Parent PID: 1776987
==1784571== 
==1784571== 
==1784571== Process terminating with default action of signal 2 (SIGINT)
==1784571==    at 0x490B117: __futex_abstimed_wait_common64 (futex-internal.c:57)
==1784571==    by 0x490B117: __futex_abstimed_wait_common (futex-internal.c:87)
==1784571==    by 0x490B117: __futex_abstimed_wait_cancelable64 (futex-internal.c:139)
==1784571==    by 0x4910623: __pthread_clockjoin_ex (pthread_join_common.c:105)
==1784571==    by 0x48508F5: ??? (in /usr/libexec/valgrind/vgpreload_helgrind-amd64-linux.so)
==1784571==    by 0x109B53: finish_philo_routine (launch_and_stop_routine.c:39)
==1784571==    by 0x109EE1: main (main.c:53)
==1784571== 
==1784571== Use --history-level=approx or =none to gain increased speed, at
==1784571== the cost of reduced accuracy of conflicting-access information
==1784571== For lists of detected and suppressed errors, rerun with: -s
==1784571== ERROR SUMMARY: 0 errors from 0 contexts (suppressed: 408121 from 28)
